# JRE version: Java(TM) SE Runtime Environment (8.0_91-b15) (build 1.8.0_91-b15)
# Java VM: Java HotSpot(TM) 64-Bit Server VM (25.91-b15 mixed mode windows-amd64 compressed oops)
Heap:
 PSYoungGen      total 19456K, used 8933K [0x00000000eb700000, 0x00000000ece00000, 0x0000000100000000)
  eden space 15360K, 50% used [0x00000000eb700000,0x00000000ebe9fc80,0x00000000ec600000)
  from space 4096K, 27% used [0x00000000ec600000,0x00000000ec719a38,0x00000000eca00000)
  to   space 4096K, 0% used [0x00000000eca00000,0x00000000eca00000,0x00000000ece00000)
 ParOldGen       total 23040K, used 4939K [0x00000000c2400000, 0x00000000c3a80000, 0x00000000eb700000)
  object space 23040K, 21% used [0x00000000c2400000,0x00000000c28d2d88,0x00000000c3a80000)
 Metaspace       used 20705K, capacity 21360K, committed 21632K, reserved 1069056K
  class space    used 2682K, capacity 2864K, committed 2944K, reserved 1048576K
GC Heap History (10 events):
Event: 27.341 GC heap before
{Heap before GC invocations=10 (full 0):
 PSYoungGen      total 19456K, used 15744K [0x00000000eb700000, 0x00000000ece00000, 0x0000000100000000)
  eden space 15360K, 100% used [0x00000000eb700000,0x00000000ec600000,0x00000000ec600000)
  from space 4096K, 9% used [0x00000000ec600000,0x00000000ec660000,0x00000000eca00000)
  to   space 4096K, 0% used [0x00000000eca00000,0x00000000eca00000,0x00000000ece00000)
 ParOldGen       total 42496K, used 3276K [0x00000000c2400000, 0x00000000c4d80000, 0x00000000eb700000)
  object space 42496K, 7% used [0x00000000c2400000,0x00000000c27333a8,0x00000000c4d80000)
 Metaspace       used 20469K, capacity 21168K, committed 21296K, reserved 1067008K
  class space    used 2681K, capacity 2864K, committed 2944K, reserved 1048576K
Event: 27.348 GC heap after
Heap after GC invocations=10 (full 0):
 PSYoungGen      total 19456K, used 2637K [0x00000000eb700000, 0x00000000ece00000, 0x0000000100000000)
  eden space 15360K, 0% used [0x00000000eb700000,0x00000000eb700000,0x00000000ec600000)
  from space 4096K, 64% used [0x00000000eca00000,0x00000000ecc93470,0x00000000ece00000)
  to   space 4096K, 0% used [0x00000000ec600000,0x00000000ec600000,0x00000000eca00000)
 ParOldGen       total 42496K, used 3300K [0x00000000c2400000, 0x00000000c4d80000, 0x00000000eb700000)
  object space 42496K, 7% used [0x00000000c2400000,0x00000000c27393a8,0x00000000c4d80000)
 Metaspace       used 20469K, capacity 21168K, committed 21296K, reserved 1067008K
  class space    used 2681K, capacity 2864K, committed 2944K, reserved 1048576K
}
Event: 29.500 GC heap before
{Heap before GC invocations=11 (full 0):
 PSYoungGen      total 19456K, used 17997K [0x00000000eb700000, 0x00000000ece00000, 0x0000000100000000)
  eden space 15360K, 100% used [0x00000000eb700000,0x00000000ec600000,0x00000000ec600000)
  from space 4096K, 64% used [0x00000000eca00000,0x00000000ecc93470,0x00000000ece00000)
  to   space 4096K, 0% used [0x00000000ec600000,0x00000000ec600000,0x00000000eca00000)
 ParOldGen       total 42496K, used 3300K [0x00000000c2400000, 0x00000000c4d80000, 0x00000000eb700000)
  object space 42496K, 7% used [0x00000000c2400000,0x00000000c27393a8,0x00000000c4d80000)
 Metaspace       used 20522K, capacity 21168K, committed 21296K, reserved 1067008K
  class space    used 2681K, capacity 2864K, committed 2944K, reserved 1048576K
Event: 29.505 GC heap after
Heap after GC invocations=11 (full 0):
 PSYoungGen      total 19456K, used 352K [0x00000000eb700000, 0x00000000ece00000, 0x0000000100000000)
  eden space 15360K, 0% used [0x00000000eb700000,0x00000000eb700000,0x00000000ec600000)
  from space 4096K, 8% used [0x00000000ec600000,0x00000000ec658000,0x00000000eca00000)
  to   space 4096K, 0% used [0x00000000eca00000,0x00000000eca00000,0x00000000ece00000)
 ParOldGen       total 42496K, used 5478K [0x00000000c2400000, 0x00000000c4d80000, 0x00000000eb700000)
  object space 42496K, 12% used [0x00000000c2400000,0x00000000c29598c0,0x00000000c4d80000)
 Metaspace       used 20522K, capacity 21168K, committed 21296K, reserved 1067008K
  class space    used 2681K, capacity 2864K, committed 2944K, reserved 1048576K
}
Event: 39.868 GC heap before
{Heap before GC invocations=12 (full 0):
 PSYoungGen      total 19456K, used 7528K [0x00000000eb700000, 0x00000000ece00000, 0x0000000100000000)
  eden space 15360K, 46% used [0x00000000eb700000,0x00000000ebe02378,0x00000000ec600000)
  from space 4096K, 8% used [0x00000000ec600000,0x00000000ec658000,0x00000000eca00000)
  to   space 4096K, 0% used [0x00000000eca00000,0x00000000eca00000,0x00000000ece00000)
 ParOldGen       total 42496K, used 5478K [0x00000000c2400000, 0x00000000c4d80000, 0x00000000eb700000)
  object space 42496K, 12% used [0x00000000c2400000,0x00000000c29598c0,0x00000000c4d80000)
 Metaspace       used 20565K, capacity 21168K, committed 21296K, reserved 1067008K
  class space    used 2682K, capacity 2864K, committed 2944K, reserved 1048576K
Event: 39.870 GC heap after
Heap after GC invocations=12 (full 0):
 PSYoungGen      total 19456K, used 320K [0x00000000eb700000, 0x00000000ece00000, 0x0000000100000000)
  eden space 15360K, 0% used [0x00000000eb700000,0x00000000eb700000,0x00000000ec600000)
  from space 4096K, 7% used [0x00000000eca00000,0x00000000eca50000,0x00000000ece00000)
  to   space 4096K, 0% used [0x00000000ec600000,0x00000000ec600000,0x00000000eca00000)
 ParOldGen       total 42496K, used 5556K [0x00000000c2400000, 0x00000000c4d80000, 0x00000000eb700000)
  object space 42496K, 13% used [0x00000000c2400000,0x00000000c296d190,0x00000000c4d80000)
 Metaspace       used 20565K, capacity 21168K, committed 21296K, reserved 1067008K
  class space    used 2682K, capacity 2864K, committed 2944K, reserved 1048576K
}
Event: 39.870 GC heap before
{Heap before GC invocations=13 (full 1):
 PSYoungGen      total 19456K, used 320K [0x00000000eb700000, 0x00000000ece00000, 0x0000000100000000)
  eden space 15360K, 0% used [0x00000000eb700000,0x00000000eb700000,0x00000000ec600000)
  from space 4096K, 7% used [0x00000000eca00000,0x00000000eca50000,0x00000000ece00000)
  to   space 4096K, 0% used [0x00000000ec600000,0x00000000ec600000,0x00000000eca00000)
 ParOldGen       total 42496K, used 5556K [0x00000000c2400000, 0x00000000c4d80000, 0x00000000eb700000)
  object space 42496K, 13% used [0x00000000c2400000,0x00000000c296d190,0x00000000c4d80000)
 Metaspace       used 20565K, capacity 21168K, committed 21296K, reserved 1067008K
  class space    used 2682K, capacity 2864K, committed 2944K, reserved 1048576K
Event: 39.962 GC heap after
Heap after GC invocations=13 (full 1):
 PSYoungGen      total 19456K, used 0K [0x00000000eb700000, 0x00000000ece00000, 0x0000000100000000)
  eden space 15360K, 0% used [0x00000000eb700000,0x00000000eb700000,0x00000000ec600000)
  from space 4096K, 0% used [0x00000000eca00000,0x00000000eca00000,0x00000000ece00000)
  to   space 4096K, 0% used [0x00000000ec600000,0x00000000ec600000,0x00000000eca00000)
 ParOldGen       total 23040K, used 4931K [0x00000000c2400000, 0x00000000c3a80000, 0x00000000eb700000)
  object space 23040K, 21% used [0x00000000c2400000,0x00000000c28d0d88,0x00000000c3a80000)
 Metaspace       used 20565K, capacity 21168K, committed 21296K, reserved 1067008K
  class space    used 2682K, capacity 2864K, committed 2944K, reserved 1048576K
}
Event: 64.286 GC heap before
{Heap before GC invocations=14 (full 1):
 PSYoungGen      total 19456K, used 15360K [0x00000000eb700000, 0x00000000ece00000, 0x0000000100000000)
  eden space 15360K, 100% used [0x00000000eb700000,0x00000000ec600000,0x00000000ec600000)
  from space 4096K, 0% used [0x00000000eca00000,0x00000000eca00000,0x00000000ece00000)
  to   space 4096K, 0% used [0x00000000ec600000,0x00000000ec600000,0x00000000eca00000)
 ParOldGen       total 23040K, used 4931K [0x00000000c2400000, 0x00000000c3a80000, 0x00000000eb700000)
  object space 23040K, 21% used [0x00000000c2400000,0x00000000c28d0d88,0x00000000c3a80000)
 Metaspace       used 20684K, capacity 21360K, committed 21632K, reserved 1069056K
  class space    used 2682K, capacity 2864K, committed 2944K, reserved 1048576K
Event: 64.290 GC heap after
Heap after GC invocations=14 (full 1):
 PSYoungGen      total 19456K, used 1126K [0x00000000eb700000, 0x00000000ece00000, 0x0000000100000000)
  eden space 15360K, 0% used [0x00000000eb700000,0x00000000eb700000,0x00000000ec600000)
  from space 4096K, 27% used [0x00000000ec600000,0x00000000ec719a38,0x00000000eca00000)
  to   space 4096K, 0% used [0x00000000eca00000,0x00000000eca00000,0x00000000ece00000)
 ParOldGen       total 23040K, used 4939K [0x00000000c2400000, 0x00000000c3a80000, 0x00000000eb700000)
  object space 23040K, 21% used [0x00000000c2400000,0x00000000c28d2d88,0x00000000c3a80000)
 Metaspace       used 20684K, capacity 21360K, committed 21632K, reserved 1069056K
  class space    used 2682K, capacity 2864K, committed 2944K, reserved 1048576K
}

